[2024-06-07 05:22:47] phpactor.DEBUG: Resolved path "%project_root%" to "/home/muneeb/watch_hub_api" {"channel":"FPR"} []
[2024-06-07 05:22:47] phpactor.DEBUG: Resolved path "%project_root%" to "/home/muneeb/watch_hub_api" {"channel":"FPR"} []
[2024-06-07 05:22:47] phpactor.DEBUG: Resolved path "%project_root%" to "/home/muneeb/watch_hub_api" {"channel":"FPR"} []
[2024-06-07 05:22:47] phpactor.DEBUG: Resolved path "%cache%/index/%project_id%" to "/home/muneeb/.cache/phpactor/index/watch_hub_api-06a207" {"channel":"FPR"} []
[2024-06-07 05:22:47] phpactor.DEBUG: Resolved path "%project_root%" to "/home/muneeb/watch_hub_api" {"channel":"FPR"} []
[2024-06-07 05:22:47] phpactor.DEBUG: Resolved path "%application_root%/vendor/jetbrains/phpstorm-stubs" to "/home/muneeb/.local/share/nvim/mason/packages/phpactor/vendor/jetbrains/phpstorm-stubs" {"channel":"FPR"} []
[2024-06-07 05:22:47] phpactor.DEBUG: Resolved path "%cache%/worse-reflection" to "/home/muneeb/.cache/phpactor/worse-reflection" {"channel":"FPR"} []
[2024-06-07 05:22:47] phpactor.DEBUG: Resolved path "%project_root%/vendor/autoload.php" to "/home/muneeb/watch_hub_api/vendor/autoload.php" {"channel":"FPR"} []
[2024-06-07 05:22:47] phpactor.DEBUG: Resolved path "%project_config%/templates" to "/home/muneeb/watch_hub_api/.phpactor/templates" {"channel":"FPR"} []
[2024-06-07 05:22:47] phpactor.DEBUG: Resolved path "%config%/templates" to "/home/muneeb/.config/phpactor/templates" {"channel":"FPR"} []
[2024-06-07 05:22:47] phpactor.DEBUG: Resolved path "%application_root%/templates/code" to "/home/muneeb/.local/share/nvim/mason/packages/phpactor/templates/code" {"channel":"FPR"} []
[2024-06-07 05:22:47] phpactor.DEBUG: Resolved path "%project_root%/composer.json" to "/home/muneeb/watch_hub_api/composer.json" {"channel":"FPR"} []
[2024-06-07 05:22:47] phpactor.DEBUG: Resolved path "%project_config%/templates/markdown" to "/home/muneeb/watch_hub_api/.phpactor/templates/markdown" {"channel":"FPR"} []
[2024-06-07 05:22:47] phpactor.DEBUG: Resolved path "%config%/templates/markdown" to "/home/muneeb/.config/phpactor/templates/markdown" {"channel":"FPR"} []
[2024-06-07 05:22:47] phpactor.DEBUG: Resolved path "/home/muneeb/.local/share/nvim/mason/packages/phpactor/lib/Extension/ObjectRenderer/../../../templates/help/markdown" to "/home/muneeb/.local/share/nvim/mason/packages/phpactor/templates/help/markdown" {"channel":"FPR"} []
[2024-06-07 05:22:47] phpactor.DEBUG: Resolved path "%project_root%/.phpactor.json" to "/home/muneeb/watch_hub_api/.phpactor.json" {"channel":"FPR"} []
[2024-06-07 05:22:47] phpactor.DEBUG: Resolved path "%project_root%/composer.lock" to "/home/muneeb/watch_hub_api/composer.lock" {"channel":"FPR"} []
[2024-06-07 05:22:47] phpactor.INFO: Starting service: diagnostics (Phpactor\LanguageServer\Service\DiagnosticsService) {"channel":"LSP"} []
[2024-06-07 05:22:47] phpactor.INFO: Starting service: indexer (Phpactor\Extension\LanguageServerIndexer\Handler\IndexerHandler) {"channel":"LSP"} []
[2024-06-07 05:22:48] phpactor.DEBUG: Resolved path "%project_root%/var/cache/dev/App_KernelDevDebugContainer.xml" to "/home/muneeb/watch_hub_api/var/cache/dev/App_KernelDevDebugContainer.xml" {"channel":"FPR"} []
[2024-06-07 05:22:48] phpactor.ERROR: Error when handling "Phpactor\LanguageServer\Core\Rpc\NotificationMessage" ({"jsonrpc":"2.0","method":"workspace\/didChangeConfiguration","params":{"settings":{"php":{"version":"8.3"},"phpactor":{"filetypes":["php","blade"],"files":{"maxSize":5000000,"associations":["*.php","*.blade.php"]}}}}}): Exception [Phpactor\LanguageServer\Core\Handler\HandlerNotFound] Handler "workspace/didChangeConfiguration" not found, available handlers: "phpactor/debug/config", "phpactor/debug/workspace", "phpactor/status", "phpactor/service/start", "phpactor/service/stop", "phpactor/service/running", "workspace/executeCommand", "workspace/didChangeWatchedFiles", "textDocument/didOpen", "textDocument/didChange", "textDocument/didClose", "textDocument/didSave", "textDocument/willSave", "textDocument/willSaveWaitUntil", "phpactor/stats", "textDocument/codeAction", "textDocument/completion", "completionItem/resolve", "textDocument/signatureHelp", "textDocument/definition", "textDocument/typeDefinition", "textDocument/references", "textDocument/implementation", "textDocument/documentHighlight", "phpactor/indexer/reindex", "workspace/symbol", "textDocument/hover", "textDocument/documentSymbol", "textDocument/selectionRange", "textDocument/prepareRename", "textDocument/rename", "workspace/willRenameFiles" {"channel":"LSP"} []
[2024-06-07 05:23:46] phpactor.INFO: Watcher process cancelled {"channel":"lspindexer"} []
[2024-06-07 05:23:55] phpactor.DEBUG: Resolved path "%project_root%" to "/home/muneeb/watch_hub_api" {"channel":"FPR"} []
[2024-06-07 05:23:55] phpactor.DEBUG: Resolved path "%project_root%" to "/home/muneeb/watch_hub_api" {"channel":"FPR"} []
[2024-06-07 05:23:55] phpactor.DEBUG: Resolved path "%project_root%" to "/home/muneeb/watch_hub_api" {"channel":"FPR"} []
[2024-06-07 05:23:55] phpactor.DEBUG: Resolved path "%cache%/index/%project_id%" to "/home/muneeb/.cache/phpactor/index/watch_hub_api-06a207" {"channel":"FPR"} []
[2024-06-07 05:23:55] phpactor.DEBUG: Resolved path "%project_root%" to "/home/muneeb/watch_hub_api" {"channel":"FPR"} []
[2024-06-07 05:23:55] phpactor.DEBUG: Resolved path "%application_root%/vendor/jetbrains/phpstorm-stubs" to "/home/muneeb/.local/share/nvim/mason/packages/phpactor/vendor/jetbrains/phpstorm-stubs" {"channel":"FPR"} []
[2024-06-07 05:23:55] phpactor.DEBUG: Resolved path "%cache%/worse-reflection" to "/home/muneeb/.cache/phpactor/worse-reflection" {"channel":"FPR"} []
[2024-06-07 05:23:55] phpactor.DEBUG: Resolved path "%project_root%/vendor/autoload.php" to "/home/muneeb/watch_hub_api/vendor/autoload.php" {"channel":"FPR"} []
[2024-06-07 05:23:55] phpactor.DEBUG: Resolved path "%project_config%/templates" to "/home/muneeb/watch_hub_api/.phpactor/templates" {"channel":"FPR"} []
[2024-06-07 05:23:55] phpactor.DEBUG: Resolved path "%config%/templates" to "/home/muneeb/.config/phpactor/templates" {"channel":"FPR"} []
[2024-06-07 05:23:55] phpactor.DEBUG: Resolved path "%application_root%/templates/code" to "/home/muneeb/.local/share/nvim/mason/packages/phpactor/templates/code" {"channel":"FPR"} []
[2024-06-07 05:23:55] phpactor.DEBUG: Resolved path "%project_root%/composer.json" to "/home/muneeb/watch_hub_api/composer.json" {"channel":"FPR"} []
[2024-06-07 05:23:55] phpactor.DEBUG: Resolved path "%project_config%/templates/markdown" to "/home/muneeb/watch_hub_api/.phpactor/templates/markdown" {"channel":"FPR"} []
[2024-06-07 05:23:55] phpactor.DEBUG: Resolved path "%config%/templates/markdown" to "/home/muneeb/.config/phpactor/templates/markdown" {"channel":"FPR"} []
[2024-06-07 05:23:55] phpactor.DEBUG: Resolved path "/home/muneeb/.local/share/nvim/mason/packages/phpactor/lib/Extension/ObjectRenderer/../../../templates/help/markdown" to "/home/muneeb/.local/share/nvim/mason/packages/phpactor/templates/help/markdown" {"channel":"FPR"} []
[2024-06-07 05:23:55] phpactor.DEBUG: Resolved path "%project_root%/.phpactor.json" to "/home/muneeb/watch_hub_api/.phpactor.json" {"channel":"FPR"} []
[2024-06-07 05:23:55] phpactor.DEBUG: Resolved path "%project_root%/composer.lock" to "/home/muneeb/watch_hub_api/composer.lock" {"channel":"FPR"} []
[2024-06-07 05:23:55] phpactor.INFO: Starting service: diagnostics (Phpactor\LanguageServer\Service\DiagnosticsService) {"channel":"LSP"} []
[2024-06-07 05:23:55] phpactor.INFO: Starting service: indexer (Phpactor\Extension\LanguageServerIndexer\Handler\IndexerHandler) {"channel":"LSP"} []
[2024-06-07 05:23:56] phpactor.DEBUG: Resolved path "%project_root%/var/cache/dev/App_KernelDevDebugContainer.xml" to "/home/muneeb/watch_hub_api/var/cache/dev/App_KernelDevDebugContainer.xml" {"channel":"FPR"} []
[2024-06-07 05:23:56] phpactor.ERROR: Error when handling "Phpactor\LanguageServer\Core\Rpc\NotificationMessage" ({"jsonrpc":"2.0","method":"workspace\/didChangeConfiguration","params":{"settings":{"phpactor":{"filetypes":["php","blade"],"files":{"maxSize":5000000,"associations":["*.php","*.blade.php"]}},"php":{"version":"8.3"}}}}): Exception [Phpactor\LanguageServer\Core\Handler\HandlerNotFound] Handler "workspace/didChangeConfiguration" not found, available handlers: "phpactor/debug/config", "phpactor/debug/workspace", "phpactor/status", "phpactor/service/start", "phpactor/service/stop", "phpactor/service/running", "workspace/executeCommand", "workspace/didChangeWatchedFiles", "textDocument/didOpen", "textDocument/didChange", "textDocument/didClose", "textDocument/didSave", "textDocument/willSave", "textDocument/willSaveWaitUntil", "phpactor/stats", "textDocument/codeAction", "textDocument/completion", "completionItem/resolve", "textDocument/signatureHelp", "textDocument/definition", "textDocument/typeDefinition", "textDocument/references", "textDocument/implementation", "textDocument/documentHighlight", "phpactor/indexer/reindex", "workspace/symbol", "textDocument/hover", "textDocument/documentSymbol", "textDocument/selectionRange", "textDocument/prepareRename", "textDocument/rename", "workspace/willRenameFiles" {"channel":"LSP"} []
[2024-06-07 05:24:28] phpactor.DEBUG: Moved file "file:///home/muneeb/watch_hub_api/psalm.xml" to "file:///home/muneeb/watch_hub_api/psalm.xml.bk" {"channel":"LSP-RENAME"} []
[2024-06-07 05:24:28] phpactor.ERROR: Error when handling "Phpactor\LanguageServer\Core\Rpc\RequestMessage" ({"jsonrpc":"2.0","id":16,"method":"workspace\/willRenameFiles","params":{"files":[{"newUri":"file:\/\/\/home\/muneeb\/watch_hub_api\/psalm.xml.bk","oldUri":"file:\/\/\/home\/muneeb\/watch_hub_api\/psalm.xml"}]}}): Exception [Phpactor\Rename\Model\Exception\CouldNotRename] There are no class name candidates {"channel":"LSP"} []
[2024-06-07 05:24:28] phpactor.ERROR: Error when handling "Phpactor\LanguageServer\Core\Rpc\NotificationMessage" ({"jsonrpc":"2.0","method":"workspace\/didRenameFiles","params":{"files":[{"newUri":"file:\/\/\/home\/muneeb\/watch_hub_api\/psalm.xml.bk","oldUri":"file:\/\/\/home\/muneeb\/watch_hub_api\/psalm.xml"}]}}): Exception [Phpactor\LanguageServer\Core\Handler\HandlerNotFound] Handler "workspace/didRenameFiles" not found, available handlers: "phpactor/debug/config", "phpactor/debug/workspace", "phpactor/status", "phpactor/service/start", "phpactor/service/stop", "phpactor/service/running", "workspace/executeCommand", "workspace/didChangeWatchedFiles", "textDocument/didOpen", "textDocument/didChange", "textDocument/didClose", "textDocument/didSave", "textDocument/willSave", "textDocument/willSaveWaitUntil", "phpactor/stats", "textDocument/codeAction", "textDocument/completion", "completionItem/resolve", "textDocument/signatureHelp", "textDocument/definition", "textDocument/typeDefinition", "textDocument/references", "textDocument/implementation", "textDocument/documentHighlight", "phpactor/indexer/reindex", "workspace/symbol", "textDocument/hover", "textDocument/documentSymbol", "textDocument/selectionRange", "textDocument/prepareRename", "textDocument/rename", "workspace/willRenameFiles" {"channel":"LSP"} []
[2024-06-07 05:24:32] phpactor.DEBUG: Moved file "file:///home/muneeb/watch_hub_api/phpstan.neon" to "file:///home/muneeb/watch_hub_api/phpstan.neon.bk" {"channel":"LSP-RENAME"} []
[2024-06-07 05:24:32] phpactor.ERROR: Error when handling "Phpactor\LanguageServer\Core\Rpc\RequestMessage" ({"jsonrpc":"2.0","id":17,"method":"workspace\/willRenameFiles","params":{"files":[{"newUri":"file:\/\/\/home\/muneeb\/watch_hub_api\/phpstan.neon.bk","oldUri":"file:\/\/\/home\/muneeb\/watch_hub_api\/phpstan.neon"}]}}): Exception [Phpactor\Rename\Model\Exception\CouldNotRename] There are no class name candidates {"channel":"LSP"} []
[2024-06-07 05:24:32] phpactor.ERROR: Error when handling "Phpactor\LanguageServer\Core\Rpc\NotificationMessage" ({"jsonrpc":"2.0","method":"workspace\/didRenameFiles","params":{"files":[{"newUri":"file:\/\/\/home\/muneeb\/watch_hub_api\/phpstan.neon.bk","oldUri":"file:\/\/\/home\/muneeb\/watch_hub_api\/phpstan.neon"}]}}): Exception [Phpactor\LanguageServer\Core\Handler\HandlerNotFound] Handler "workspace/didRenameFiles" not found, available handlers: "phpactor/debug/config", "phpactor/debug/workspace", "phpactor/status", "phpactor/service/start", "phpactor/service/stop", "phpactor/service/running", "workspace/executeCommand", "workspace/didChangeWatchedFiles", "textDocument/didOpen", "textDocument/didChange", "textDocument/didClose", "textDocument/didSave", "textDocument/willSave", "textDocument/willSaveWaitUntil", "phpactor/stats", "textDocument/codeAction", "textDocument/completion", "completionItem/resolve", "textDocument/signatureHelp", "textDocument/definition", "textDocument/typeDefinition", "textDocument/references", "textDocument/implementation", "textDocument/documentHighlight", "phpactor/indexer/reindex", "workspace/symbol", "textDocument/hover", "textDocument/documentSymbol", "textDocument/selectionRange", "textDocument/prepareRename", "textDocument/rename", "workspace/willRenameFiles" {"channel":"LSP"} []
[2024-06-07 05:24:34] phpactor.INFO: Watcher process cancelled {"channel":"lspindexer"} []
[2024-06-07 05:24:42] phpactor.DEBUG: Resolved path "%project_root%" to "/home/muneeb/watch_hub_api" {"channel":"FPR"} []
[2024-06-07 05:24:42] phpactor.DEBUG: Resolved path "%project_root%" to "/home/muneeb/watch_hub_api" {"channel":"FPR"} []
[2024-06-07 05:24:42] phpactor.DEBUG: Resolved path "%project_root%" to "/home/muneeb/watch_hub_api" {"channel":"FPR"} []
[2024-06-07 05:24:42] phpactor.DEBUG: Resolved path "%cache%/index/%project_id%" to "/home/muneeb/.cache/phpactor/index/watch_hub_api-06a207" {"channel":"FPR"} []
[2024-06-07 05:24:42] phpactor.DEBUG: Resolved path "%project_root%" to "/home/muneeb/watch_hub_api" {"channel":"FPR"} []
[2024-06-07 05:24:42] phpactor.DEBUG: Resolved path "%application_root%/vendor/jetbrains/phpstorm-stubs" to "/home/muneeb/.local/share/nvim/mason/packages/phpactor/vendor/jetbrains/phpstorm-stubs" {"channel":"FPR"} []
[2024-06-07 05:24:42] phpactor.DEBUG: Resolved path "%cache%/worse-reflection" to "/home/muneeb/.cache/phpactor/worse-reflection" {"channel":"FPR"} []
[2024-06-07 05:24:42] phpactor.DEBUG: Resolved path "%project_root%/vendor/autoload.php" to "/home/muneeb/watch_hub_api/vendor/autoload.php" {"channel":"FPR"} []
[2024-06-07 05:24:42] phpactor.DEBUG: Resolved path "%project_config%/templates" to "/home/muneeb/watch_hub_api/.phpactor/templates" {"channel":"FPR"} []
[2024-06-07 05:24:42] phpactor.DEBUG: Resolved path "%config%/templates" to "/home/muneeb/.config/phpactor/templates" {"channel":"FPR"} []
[2024-06-07 05:24:42] phpactor.DEBUG: Resolved path "%application_root%/templates/code" to "/home/muneeb/.local/share/nvim/mason/packages/phpactor/templates/code" {"channel":"FPR"} []
[2024-06-07 05:24:42] phpactor.DEBUG: Resolved path "%project_root%/composer.json" to "/home/muneeb/watch_hub_api/composer.json" {"channel":"FPR"} []
[2024-06-07 05:24:42] phpactor.DEBUG: Resolved path "%project_config%/templates/markdown" to "/home/muneeb/watch_hub_api/.phpactor/templates/markdown" {"channel":"FPR"} []
[2024-06-07 05:24:42] phpactor.DEBUG: Resolved path "%config%/templates/markdown" to "/home/muneeb/.config/phpactor/templates/markdown" {"channel":"FPR"} []
[2024-06-07 05:24:42] phpactor.DEBUG: Resolved path "/home/muneeb/.local/share/nvim/mason/packages/phpactor/lib/Extension/ObjectRenderer/../../../templates/help/markdown" to "/home/muneeb/.local/share/nvim/mason/packages/phpactor/templates/help/markdown" {"channel":"FPR"} []
[2024-06-07 05:24:42] phpactor.DEBUG: Resolved path "%project_root%/.phpactor.json" to "/home/muneeb/watch_hub_api/.phpactor.json" {"channel":"FPR"} []
[2024-06-07 05:24:42] phpactor.DEBUG: Resolved path "%project_root%/composer.lock" to "/home/muneeb/watch_hub_api/composer.lock" {"channel":"FPR"} []
[2024-06-07 05:24:42] phpactor.INFO: Starting service: diagnostics (Phpactor\LanguageServer\Service\DiagnosticsService) {"channel":"LSP"} []
[2024-06-07 05:24:42] phpactor.INFO: Starting service: indexer (Phpactor\Extension\LanguageServerIndexer\Handler\IndexerHandler) {"channel":"LSP"} []
[2024-06-07 05:24:42] phpactor.DEBUG: Resolved path "%project_root%/var/cache/dev/App_KernelDevDebugContainer.xml" to "/home/muneeb/watch_hub_api/var/cache/dev/App_KernelDevDebugContainer.xml" {"channel":"FPR"} []
[2024-06-07 05:24:42] phpactor.ERROR: Error when handling "Phpactor\LanguageServer\Core\Rpc\NotificationMessage" ({"jsonrpc":"2.0","method":"workspace\/didChangeConfiguration","params":{"settings":{"phpactor":{"filetypes":["php","blade"],"files":{"maxSize":5000000,"associations":["*.php","*.blade.php"]}},"php":{"version":"8.3"}}}}): Exception [Phpactor\LanguageServer\Core\Handler\HandlerNotFound] Handler "workspace/didChangeConfiguration" not found, available handlers: "phpactor/debug/config", "phpactor/debug/workspace", "phpactor/status", "phpactor/service/start", "phpactor/service/stop", "phpactor/service/running", "workspace/executeCommand", "workspace/didChangeWatchedFiles", "textDocument/didOpen", "textDocument/didChange", "textDocument/didClose", "textDocument/didSave", "textDocument/willSave", "textDocument/willSaveWaitUntil", "phpactor/stats", "textDocument/codeAction", "textDocument/completion", "completionItem/resolve", "textDocument/signatureHelp", "textDocument/definition", "textDocument/typeDefinition", "textDocument/references", "textDocument/implementation", "textDocument/documentHighlight", "phpactor/indexer/reindex", "workspace/symbol", "textDocument/hover", "textDocument/documentSymbol", "textDocument/selectionRange", "textDocument/prepareRename", "textDocument/rename", "workspace/willRenameFiles" {"channel":"LSP"} []
[2024-06-07 05:24:54] phpactor.DEBUG: NOK [0.0000] "abs" with locator "Phpactor\Extension\LanguageServerWorseReflection\SourceLocator\WorkspaceSourceLocator" : Class "abs" not found {"channel":"wr"} []
[2024-06-07 05:24:54] phpactor.DEBUG: NOK [0.0000] "abs" with locator "Phpactor\WorseReflection\Core\SourceCodeLocator\InternalLocator" : Could not find internal stub for "abs" {"channel":"wr"} []
[2024-06-07 05:24:54] phpactor.DEBUG: NOK [0.0000] "abs" with locator "Phpactor\Indexer\Adapter\Worse\IndexerClassSourceLocator" : Class "abs" is indexed, but it does not exist at path ""! {"channel":"wr"} []
[2024-06-07 05:24:54] phpactor.DEBUG:  OK [0.0001] "abs" with locator "Phpactor\Indexer\Adapter\Worse\IndexerFunctionSourceLocator" {"channel":"wr"} []
[2024-06-07 05:29:42] phpactor.INFO: Starting service: indexer (Phpactor\Extension\LanguageServerIndexer\Handler\IndexerHandler) {"channel":"LSP"} []
[2024-06-07 05:29:43] phpactor.INFO: Watcher process cancelled {"channel":"lspindexer"} []
[2024-06-07 05:30:20] phpactor.INFO: Watcher process cancelled {"channel":"lspindexer"} []
[2024-06-07 17:39:28] phpactor.DEBUG: Resolved path "%project_root%" to "/home/muneeb/watch_hub_api" {"channel":"FPR"} []
[2024-06-07 17:39:28] phpactor.DEBUG: Resolved path "%project_root%" to "/home/muneeb/watch_hub_api" {"channel":"FPR"} []
[2024-06-07 17:39:28] phpactor.DEBUG: Resolved path "%project_root%" to "/home/muneeb/watch_hub_api" {"channel":"FPR"} []
[2024-06-07 17:39:28] phpactor.DEBUG: Resolved path "%cache%/index/%project_id%" to "/home/muneeb/.cache/phpactor/index/watch_hub_api-06a207" {"channel":"FPR"} []
[2024-06-07 17:39:28] phpactor.DEBUG: Resolved path "%project_root%" to "/home/muneeb/watch_hub_api" {"channel":"FPR"} []
[2024-06-07 17:39:29] phpactor.DEBUG: Resolved path "%application_root%/vendor/jetbrains/phpstorm-stubs" to "/home/muneeb/.local/share/nvim/mason/packages/phpactor/vendor/jetbrains/phpstorm-stubs" {"channel":"FPR"} []
[2024-06-07 17:39:29] phpactor.DEBUG: Resolved path "%cache%/worse-reflection" to "/home/muneeb/.cache/phpactor/worse-reflection" {"channel":"FPR"} []
[2024-06-07 17:39:29] phpactor.DEBUG: Resolved path "%project_root%/vendor/autoload.php" to "/home/muneeb/watch_hub_api/vendor/autoload.php" {"channel":"FPR"} []
[2024-06-07 17:39:29] phpactor.DEBUG: Resolved path "%project_config%/templates" to "/home/muneeb/watch_hub_api/.phpactor/templates" {"channel":"FPR"} []
[2024-06-07 17:39:29] phpactor.DEBUG: Resolved path "%config%/templates" to "/home/muneeb/.config/phpactor/templates" {"channel":"FPR"} []
[2024-06-07 17:39:29] phpactor.DEBUG: Resolved path "%application_root%/templates/code" to "/home/muneeb/.local/share/nvim/mason/packages/phpactor/templates/code" {"channel":"FPR"} []
[2024-06-07 17:39:29] phpactor.DEBUG: Resolved path "%project_root%/composer.json" to "/home/muneeb/watch_hub_api/composer.json" {"channel":"FPR"} []
[2024-06-07 17:39:29] phpactor.DEBUG: Resolved path "%project_config%/templates/markdown" to "/home/muneeb/watch_hub_api/.phpactor/templates/markdown" {"channel":"FPR"} []
[2024-06-07 17:39:29] phpactor.DEBUG: Resolved path "%config%/templates/markdown" to "/home/muneeb/.config/phpactor/templates/markdown" {"channel":"FPR"} []
[2024-06-07 17:39:29] phpactor.DEBUG: Resolved path "/home/muneeb/.local/share/nvim/mason/packages/phpactor/lib/Extension/ObjectRenderer/../../../templates/help/markdown" to "/home/muneeb/.local/share/nvim/mason/packages/phpactor/templates/help/markdown" {"channel":"FPR"} []
[2024-06-07 17:39:30] phpactor.DEBUG: Resolved path "%project_root%/.phpactor.json" to "/home/muneeb/watch_hub_api/.phpactor.json" {"channel":"FPR"} []
[2024-06-07 17:39:30] phpactor.DEBUG: Resolved path "%project_root%/composer.lock" to "/home/muneeb/watch_hub_api/composer.lock" {"channel":"FPR"} []
[2024-06-07 17:39:30] phpactor.INFO: Starting service: diagnostics (Phpactor\LanguageServer\Service\DiagnosticsService) {"channel":"LSP"} []
[2024-06-07 17:39:30] phpactor.INFO: Starting service: indexer (Phpactor\Extension\LanguageServerIndexer\Handler\IndexerHandler) {"channel":"LSP"} []
[2024-06-07 17:39:32] phpactor.DEBUG: Resolved path "%project_root%/var/cache/dev/App_KernelDevDebugContainer.xml" to "/home/muneeb/watch_hub_api/var/cache/dev/App_KernelDevDebugContainer.xml" {"channel":"FPR"} []
[2024-06-07 17:39:32] phpactor.ERROR: Error when handling "Phpactor\LanguageServer\Core\Rpc\NotificationMessage" ({"jsonrpc":"2.0","method":"workspace\/didChangeConfiguration","params":{"settings":{"phpactor":{"files":{"maxSize":5000000,"associations":["*.php","*.blade.php"]},"filetypes":["php","blade"]},"php":{"version":"8.3"}}}}): Exception [Phpactor\LanguageServer\Core\Handler\HandlerNotFound] Handler "workspace/didChangeConfiguration" not found, available handlers: "phpactor/debug/config", "phpactor/debug/workspace", "phpactor/status", "phpactor/service/start", "phpactor/service/stop", "phpactor/service/running", "workspace/executeCommand", "workspace/didChangeWatchedFiles", "textDocument/didOpen", "textDocument/didChange", "textDocument/didClose", "textDocument/didSave", "textDocument/willSave", "textDocument/willSaveWaitUntil", "phpactor/stats", "textDocument/codeAction", "textDocument/completion", "completionItem/resolve", "textDocument/signatureHelp", "textDocument/definition", "textDocument/typeDefinition", "textDocument/references", "textDocument/implementation", "textDocument/documentHighlight", "phpactor/indexer/reindex", "workspace/symbol", "textDocument/hover", "textDocument/documentSymbol", "textDocument/selectionRange", "textDocument/prepareRename", "textDocument/rename", "workspace/willRenameFiles" {"channel":"LSP"} []
[2024-06-07 17:41:07] phpactor.INFO: Watcher process cancelled {"channel":"lspindexer"} []
[2024-06-07 17:41:13] phpactor.DEBUG: Resolved path "%project_root%" to "/home/muneeb/watch_hub_api" {"channel":"FPR"} []
[2024-06-07 17:41:13] phpactor.DEBUG: Resolved path "%project_root%" to "/home/muneeb/watch_hub_api" {"channel":"FPR"} []
[2024-06-07 17:41:13] phpactor.DEBUG: Resolved path "%project_root%" to "/home/muneeb/watch_hub_api" {"channel":"FPR"} []
[2024-06-07 17:41:13] phpactor.DEBUG: Resolved path "%cache%/index/%project_id%" to "/home/muneeb/.cache/phpactor/index/watch_hub_api-06a207" {"channel":"FPR"} []
[2024-06-07 17:41:13] phpactor.DEBUG: Resolved path "%project_root%" to "/home/muneeb/watch_hub_api" {"channel":"FPR"} []
[2024-06-07 17:41:13] phpactor.DEBUG: Resolved path "%application_root%/vendor/jetbrains/phpstorm-stubs" to "/home/muneeb/.local/share/nvim/mason/packages/phpactor/vendor/jetbrains/phpstorm-stubs" {"channel":"FPR"} []
[2024-06-07 17:41:13] phpactor.DEBUG: Resolved path "%cache%/worse-reflection" to "/home/muneeb/.cache/phpactor/worse-reflection" {"channel":"FPR"} []
[2024-06-07 17:41:13] phpactor.DEBUG: Resolved path "%project_root%/vendor/autoload.php" to "/home/muneeb/watch_hub_api/vendor/autoload.php" {"channel":"FPR"} []
[2024-06-07 17:41:13] phpactor.DEBUG: Resolved path "%project_config%/templates" to "/home/muneeb/watch_hub_api/.phpactor/templates" {"channel":"FPR"} []
[2024-06-07 17:41:13] phpactor.DEBUG: Resolved path "%config%/templates" to "/home/muneeb/.config/phpactor/templates" {"channel":"FPR"} []
[2024-06-07 17:41:13] phpactor.DEBUG: Resolved path "%application_root%/templates/code" to "/home/muneeb/.local/share/nvim/mason/packages/phpactor/templates/code" {"channel":"FPR"} []
[2024-06-07 17:41:13] phpactor.DEBUG: Resolved path "%project_root%/composer.json" to "/home/muneeb/watch_hub_api/composer.json" {"channel":"FPR"} []
[2024-06-07 17:41:13] phpactor.DEBUG: Resolved path "%project_config%/templates/markdown" to "/home/muneeb/watch_hub_api/.phpactor/templates/markdown" {"channel":"FPR"} []
[2024-06-07 17:41:13] phpactor.DEBUG: Resolved path "%config%/templates/markdown" to "/home/muneeb/.config/phpactor/templates/markdown" {"channel":"FPR"} []
[2024-06-07 17:41:13] phpactor.DEBUG: Resolved path "/home/muneeb/.local/share/nvim/mason/packages/phpactor/lib/Extension/ObjectRenderer/../../../templates/help/markdown" to "/home/muneeb/.local/share/nvim/mason/packages/phpactor/templates/help/markdown" {"channel":"FPR"} []
[2024-06-07 17:41:13] phpactor.DEBUG: Resolved path "%project_root%/.phpactor.json" to "/home/muneeb/watch_hub_api/.phpactor.json" {"channel":"FPR"} []
[2024-06-07 17:41:13] phpactor.DEBUG: Resolved path "%project_root%/composer.lock" to "/home/muneeb/watch_hub_api/composer.lock" {"channel":"FPR"} []
[2024-06-07 17:41:13] phpactor.INFO: Starting service: diagnostics (Phpactor\LanguageServer\Service\DiagnosticsService) {"channel":"LSP"} []
[2024-06-07 17:41:13] phpactor.INFO: Starting service: indexer (Phpactor\Extension\LanguageServerIndexer\Handler\IndexerHandler) {"channel":"LSP"} []
[2024-06-07 17:41:14] phpactor.DEBUG: Resolved path "%project_root%/var/cache/dev/App_KernelDevDebugContainer.xml" to "/home/muneeb/watch_hub_api/var/cache/dev/App_KernelDevDebugContainer.xml" {"channel":"FPR"} []
[2024-06-07 17:41:14] phpactor.ERROR: Error when handling "Phpactor\LanguageServer\Core\Rpc\NotificationMessage" ({"jsonrpc":"2.0","method":"workspace\/didChangeConfiguration","params":{"settings":{"php":{"version":"8.3"},"phpactor":{"files":{"maxSize":5000000,"associations":["*.php","*.blade.php"]},"filetypes":["php","blade"]}}}}): Exception [Phpactor\LanguageServer\Core\Handler\HandlerNotFound] Handler "workspace/didChangeConfiguration" not found, available handlers: "phpactor/debug/config", "phpactor/debug/workspace", "phpactor/status", "phpactor/service/start", "phpactor/service/stop", "phpactor/service/running", "workspace/executeCommand", "workspace/didChangeWatchedFiles", "textDocument/didOpen", "textDocument/didChange", "textDocument/didClose", "textDocument/didSave", "textDocument/willSave", "textDocument/willSaveWaitUntil", "phpactor/stats", "textDocument/codeAction", "textDocument/completion", "completionItem/resolve", "textDocument/signatureHelp", "textDocument/definition", "textDocument/typeDefinition", "textDocument/references", "textDocument/implementation", "textDocument/documentHighlight", "phpactor/indexer/reindex", "workspace/symbol", "textDocument/hover", "textDocument/documentSymbol", "textDocument/selectionRange", "textDocument/prepareRename", "textDocument/rename", "workspace/willRenameFiles" {"channel":"LSP"} []
[2024-06-07 17:41:54] phpactor.DEBUG: Resolving: Microsoft\PhpParser\Node\Statement\InlineHtml {"channel":"wr"} []
[2024-06-07 17:42:08] phpactor.INFO: Watcher process cancelled {"channel":"lspindexer"} []
[2024-06-07 17:42:12] phpactor.DEBUG: Resolved path "%project_root%" to "/home/muneeb/watch_hub_api" {"channel":"FPR"} []
[2024-06-07 17:42:12] phpactor.DEBUG: Resolved path "%project_root%" to "/home/muneeb/watch_hub_api" {"channel":"FPR"} []
[2024-06-07 17:42:12] phpactor.DEBUG: Resolved path "%project_root%" to "/home/muneeb/watch_hub_api" {"channel":"FPR"} []
[2024-06-07 17:42:12] phpactor.DEBUG: Resolved path "%cache%/index/%project_id%" to "/home/muneeb/.cache/phpactor/index/watch_hub_api-06a207" {"channel":"FPR"} []
[2024-06-07 17:42:12] phpactor.DEBUG: Resolved path "%project_root%" to "/home/muneeb/watch_hub_api" {"channel":"FPR"} []
[2024-06-07 17:42:12] phpactor.DEBUG: Resolved path "%application_root%/vendor/jetbrains/phpstorm-stubs" to "/home/muneeb/.local/share/nvim/mason/packages/phpactor/vendor/jetbrains/phpstorm-stubs" {"channel":"FPR"} []
[2024-06-07 17:42:12] phpactor.DEBUG: Resolved path "%cache%/worse-reflection" to "/home/muneeb/.cache/phpactor/worse-reflection" {"channel":"FPR"} []
[2024-06-07 17:42:12] phpactor.DEBUG: Resolved path "%project_root%/vendor/autoload.php" to "/home/muneeb/watch_hub_api/vendor/autoload.php" {"channel":"FPR"} []
[2024-06-07 17:42:12] phpactor.DEBUG: Resolved path "%project_config%/templates" to "/home/muneeb/watch_hub_api/.phpactor/templates" {"channel":"FPR"} []
[2024-06-07 17:42:12] phpactor.DEBUG: Resolved path "%config%/templates" to "/home/muneeb/.config/phpactor/templates" {"channel":"FPR"} []
[2024-06-07 17:42:12] phpactor.DEBUG: Resolved path "%application_root%/templates/code" to "/home/muneeb/.local/share/nvim/mason/packages/phpactor/templates/code" {"channel":"FPR"} []
[2024-06-07 17:42:12] phpactor.DEBUG: Resolved path "%project_root%/composer.json" to "/home/muneeb/watch_hub_api/composer.json" {"channel":"FPR"} []
[2024-06-07 17:42:12] phpactor.DEBUG: Resolved path "%project_config%/templates/markdown" to "/home/muneeb/watch_hub_api/.phpactor/templates/markdown" {"channel":"FPR"} []
[2024-06-07 17:42:12] phpactor.DEBUG: Resolved path "%config%/templates/markdown" to "/home/muneeb/.config/phpactor/templates/markdown" {"channel":"FPR"} []
[2024-06-07 17:42:12] phpactor.DEBUG: Resolved path "/home/muneeb/.local/share/nvim/mason/packages/phpactor/lib/Extension/ObjectRenderer/../../../templates/help/markdown" to "/home/muneeb/.local/share/nvim/mason/packages/phpactor/templates/help/markdown" {"channel":"FPR"} []
[2024-06-07 17:42:12] phpactor.DEBUG: Resolved path "%project_root%/.phpactor.json" to "/home/muneeb/watch_hub_api/.phpactor.json" {"channel":"FPR"} []
[2024-06-07 17:42:12] phpactor.DEBUG: Resolved path "%project_root%/composer.lock" to "/home/muneeb/watch_hub_api/composer.lock" {"channel":"FPR"} []
[2024-06-07 17:42:12] phpactor.INFO: Starting service: diagnostics (Phpactor\LanguageServer\Service\DiagnosticsService) {"channel":"LSP"} []
[2024-06-07 17:42:12] phpactor.INFO: Starting service: indexer (Phpactor\Extension\LanguageServerIndexer\Handler\IndexerHandler) {"channel":"LSP"} []
[2024-06-07 17:42:13] phpactor.DEBUG: Resolved path "%project_root%/var/cache/dev/App_KernelDevDebugContainer.xml" to "/home/muneeb/watch_hub_api/var/cache/dev/App_KernelDevDebugContainer.xml" {"channel":"FPR"} []
[2024-06-07 17:42:13] phpactor.ERROR: Error when handling "Phpactor\LanguageServer\Core\Rpc\NotificationMessage" ({"jsonrpc":"2.0","method":"workspace\/didChangeConfiguration","params":{"settings":{"php":{"version":"8.3"},"phpactor":{"filetypes":["php","blade"],"files":{"maxSize":5000000,"associations":["*.php","*.blade.php"]}}}}}): Exception [Phpactor\LanguageServer\Core\Handler\HandlerNotFound] Handler "workspace/didChangeConfiguration" not found, available handlers: "phpactor/debug/config", "phpactor/debug/workspace", "phpactor/status", "phpactor/service/start", "phpactor/service/stop", "phpactor/service/running", "workspace/executeCommand", "workspace/didChangeWatchedFiles", "textDocument/didOpen", "textDocument/didChange", "textDocument/didClose", "textDocument/didSave", "textDocument/willSave", "textDocument/willSaveWaitUntil", "phpactor/stats", "textDocument/codeAction", "textDocument/completion", "completionItem/resolve", "textDocument/signatureHelp", "textDocument/definition", "textDocument/typeDefinition", "textDocument/references", "textDocument/implementation", "textDocument/documentHighlight", "phpactor/indexer/reindex", "workspace/symbol", "textDocument/hover", "textDocument/documentSymbol", "textDocument/selectionRange", "textDocument/prepareRename", "textDocument/rename", "workspace/willRenameFiles" {"channel":"LSP"} []
[2024-06-07 17:42:19] phpactor.WARNING: The process was killed {"channel":"LSP"} []
[2024-06-07 17:42:19] phpactor.WARNING: Killed process "286833" ('/usr/bin/php' '/home/muneeb/.local/share/nvim/mason/bin/phpactor' 'language-server:diagnostics' '--uri=file:///home/muneeb/watch_hub_api/_ide_helper.php' '--config-extra={"worse_reflection.enable_context_location": false}') because it lived longer than 5s {"channel":"LSP"} []
[2024-06-07 17:42:51] phpactor.INFO: Watcher process cancelled {"channel":"lspindexer"} []
